元日,2015-01-01
成人の日,2015-01-12
建国記念の日,2015-02-11
春分の日,2015-03-21
昭和の日,2015-04-29
憲法記念日,2015-05-03
みどりの日,2015-05-04
こどもの日,2015-05-05
振替休日,2015-05-06
海の日,2015-07-20
敬老の日,2015-09-21
国民の休日,2015-09-22
秋分の日,2015-09-23
体育の日,2015-10-12
文化の日,2015-11-03
勤労感謝の日,2015-11-23
天皇誕生日,2015-12-23
元日,2016-01-01
成人の日,2016-01-11
建国記念の日,2016-02-11
春分の日,2016-03-20
振替休日,2016-03-21
昭和の日,2016-04-29
憲法記念日,2016-05-03
みどりの日,2016-05-04
こどもの日,2016-05-05
海の日,2016-07-18
敬老の日,2016-09-19
秋分の日,2016-09-22
体育の日,2016-10-10
文化の日,2016-11-03
勤労感謝の日,2016-11-23
天皇誕生日,2016-12-23
元日,2017-01-01
振替休日,2017-01-02
成人の日,2017-01-09
建国記念の日,2017-02-11
春分の日,2017-03-20
昭和の日,2017-04-29
憲法記念日,2017-05-03
みどりの日,2017-05-04
こどもの日,2017-05-05
海の日,2017-07-17
敬老の日,2017-09-18
秋分の日,2017-09-23
体育の日,2017-10-09
文化の日,2017-11-03
勤労感謝の日,2017-11-23
天皇誕生日,2017-12-23
元日,2018-01-01
成人の日,2018-01-08
建国記念の日,2018-02-11
振替休日,2018-02-12
春分の日,2018-03-21
昭和の日,2018-04-29
振替休日,2018-04-30
憲法記念日,2018-05-03
みどりの日,2018-05-04
こどもの日,2018-05-05
海の日,2018-07-16
敬老の日,2018-09-17
秋分の日,2018-09-23
振替休日,2018-09-24
体育の日,2018-10-08
文化の日,2018-11-03
勤労感謝の日,2018-11-23
天皇誕生日,2018-12-23
振替休日,2018-12-24
元日,2019-01-01
成人の日,2019-01-14
建国記念の日,2019-02-11
春分の日,2019-03-21
昭和の日,2019-04-29
憲法記念日,2019-05-03
みどりの日,2019-05-04
こどもの日,2019-05-05
振替休日,2019-05-06
海の日,2019-07-15
敬老の日,2019-09-16
秋分の日,2019-09-23
体育の日,2019-10-14
文化の日,2019-11-03
振替休日,2019-11-04
勤労感謝の日,2019-11-23
天皇誕生日,2019-12-23
元日,2020-01-01
成人の日,2020-01-13
建国記念の日,2020-02-11
春分の日,2020-03-20
昭和の日,2020-04-29
憲法記念日,2020-05-03
みどりの日,2020-05-04
こどもの日,2020-05-05
振替休日,2020-05-06
海の日,2020-07-20
敬老の日,2020-09-21
秋分の日,2020-09-22
体育の日,2020-10-12
文化の日,2020-11-03
勤労感謝の日,2020-11-23
天皇誕生日,2020-12-23
